This file contains any messages produced by compilers while
running configure, to aid debugging if configure makes a mistake.

It was created by configure, which was
generated by GNU Autoconf 2.67.  Invocation command line was

  $ ./configure --host=arm-arago-linux-gnueabi --disable-openssl

## --------- ##
## Platform. ##
## --------- ##

hostname = sw-desktop
uname -m = i686
uname -r = 2.6.32-21-generic
uname -s = Linux
uname -v = #32-Ubuntu SMP Fri Apr 16 08:10:02 UTC 2010

/usr/bin/uname -p = unknown
/bin/uname -X     = unknown

/bin/arch              = unknown
/usr/bin/arch -k       = unknown
/usr/convex/getsysinfo = unknown
/usr/bin/hostinfo      = unknown
/bin/machine           = unknown
/usr/bin/oslevel       = unknown
/bin/universe          = unknown

PATH: /usr/local/sbin
PATH: /usr/local/bin
PATH: /usr/sbin
PATH: /usr/bin
PATH: /sbin
PATH: /bin
PATH: /usr/games
PATH: /opt/linux_devkit/bin
PATH: /opt/mv_pro_4.0.1/montavista/pro/devkit/arm/v5t_le/bin


## ----------- ##
## Core tests. ##
## ----------- ##

configure:2353: eXosip2                                The Extended Open SIP library.
configure:2355: Copyright (C) 2002,2003,2004,2005,2006,2007,2008,2009 Aymeric MOIZARD - <jack@atosc.org>
configure:2382: result: Configuring libeXosip2 3.6.0
configure:2385: result: Building Package on linux
configure:2435: checking for a BSD-compatible install
configure:2503: result: /usr/bin/install -c
configure:2514: checking whether build environment is sane
configure:2564: result: yes
configure:2613: checking for arm-arago-linux-gnueabi-strip
configure:2629: found /opt/linux_devkit/bin/arm-arago-linux-gnueabi-strip
configure:2640: result: arm-arago-linux-gnueabi-strip
configure:2705: checking for a thread-safe mkdir -p
configure:2744: result: /bin/mkdir -p
configure:2757: checking for gawk
configure:2773: found /usr/bin/gawk
configure:2784: result: gawk
configure:2795: checking whether make sets $(MAKE)
configure:2817: result: yes
configure:2916: checking build system type
configure:2930: result: i686-pc-linux-gnu
configure:2950: checking host system type
configure:2963: result: arm-arago-linux-gnueabi
configure:2995: checking for arm-arago-linux-gnueabi-gcc
configure:3011: found /opt/linux_devkit/bin/arm-arago-linux-gnueabi-gcc
configure:3022: result: arm-arago-linux-gnueabi-gcc
configure:3291: checking for C compiler version
configure:3300: arm-arago-linux-gnueabi-gcc --version >&5
arm-arago-linux-gnueabi-gcc (GCC) 4.5.3 20110311 (prerelease)
Copyright (C) 2010 Free Software Foundation, Inc.
This is free software; see the source for copying conditions.  There is NO
warranty; not even for MERCHANTABILITY or FITNESS FOR A PARTICULAR PURPOSE.

configure:3311: $? = 0
configure:3300: arm-arago-linux-gnueabi-gcc -v >&5
Using built-in specs.
COLLECT_GCC=arm-arago-linux-gnueabi-gcc
Target: arm-arago-linux-gnueabi
Configured with: /sim/scratch_a0850442/arago-tmp-arago/work/i686-armv7a-sdk-arago-linux-gnueabi/gcc-cross-sdk-4.5-r41.2+svnr170880/gcc-4_5-branch/configure --build=i686-linux --host=i686-linux --target=arm-arago-linux-gnueabi --prefix=/arago-2011.09/armv7a --exec_prefix=/arago-2011.09/armv7a --bindir=/arago-2011.09/armv7a/bin --sbindir=/arago-2011.09/armv7a/bin --libexecdir=/arago-2011.09/armv7a/libexec --datadir=/arago-2011.09/armv7a/share --sysconfdir=/arago-2011.09/armv7a/etc --sharedstatedir=/arago-2011.09/armv7a/share/com --localstatedir=/arago-2011.09/armv7a/var --libdir=/arago-2011.09/armv7a/lib --includedir=/arago-2011.09/armv7a/include --oldincludedir=/arago-2011.09/armv7a/include --infodir=/arago-2011.09/armv7a/share/info --mandir=/arago-2011.09/armv7a/share/man --enable-largefile --disable-nls --enable-ipv6 --with-gnu-ld --enable-shared --enable-languages=c,c++,objc,fortran --enable-threads=posix --disable-multilib --enable-c99 --enable-long-long --enable-symvers=gnu --enable-libstdcxx-pch --program-prefix=arm-arago-linux-gnueabi- --enable-target-optspace --enable-lto --enable-libssp --disable-bootstrap --disable-libgomp --disable-libmudflap --with-float=softfp --with-sysroot=/arago-2011.09/armv7a/arm-arago-linux-gnueabi --with-build-time-tools=/sim/scratch_a0850442/arago-tmp-arago/sysroots/i686-linux/usr/armv7a/arm-arago-linux-gnueabi/bin --with-build-sysroot=/sim/scratch_a0850442/arago-tmp-arago/sysroots/armv7a-arago-linux-gnueabi --disable-libunwind-exceptions --with-mpfr=/sim/scratch_a0850442/arago-tmp-arago/sysroots/i686-linux/usr --with-system-zlib --enable-__cxa_atexit
Thread model: posix
gcc version 4.5.3 20110311 (prerelease) (GCC) 
configure:3311: $? = 0
configure:3300: arm-arago-linux-gnueabi-gcc -V >&5
arm-arago-linux-gnueabi-gcc: '-V' option must have argument
configure:3311: $? = 1
configure:3300: arm-arago-linux-gnueabi-gcc -qversion >&5
arm-arago-linux-gnueabi-gcc: unrecognized option '-qversion'
arm-arago-linux-gnueabi-gcc: no input files
configure:3311: $? = 1
configure:3331: checking whether the C compiler works
configure:3353: arm-arago-linux-gnueabi-gcc    conftest.c  >&5
configure:3357: $? = 0
configure:3405: result: yes
configure:3408: checking for C compiler default output file name
configure:3410: result: a.out
configure:3416: checking for suffix of executables
configure:3423: arm-arago-linux-gnueabi-gcc -o conftest    conftest.c  >&5
configure:3427: $? = 0
configure:3449: result: 
configure:3471: checking whether we are cross compiling
configure:3479: arm-arago-linux-gnueabi-gcc -o conftest    conftest.c  >&5
configure:3483: $? = 0
configure:3490: ./conftest
./configure: line 3492: ./conftest: cannot execute binary file
configure:3494: $? = 126
configure:3509: result: yes
configure:3514: checking for suffix of object files
configure:3536: arm-arago-linux-gnueabi-gcc -c   conftest.c >&5
configure:3540: $? = 0
configure:3561: result: o
configure:3565: checking whether we are using the GNU C compiler
configure:3584: arm-arago-linux-gnueabi-gcc -c   conftest.c >&5
configure:3584: $? = 0
configure:3593: result: yes
configure:3602: checking whether arm-arago-linux-gnueabi-gcc accepts -g
configure:3622: arm-arago-linux-gnueabi-gcc -c -g  conftest.c >&5
configure:3622: $? = 0
configure:3663: result: yes
configure:3680: checking for arm-arago-linux-gnueabi-gcc option to accept ISO C89
configure:3744: arm-arago-linux-gnueabi-gcc  -c -g -O2  conftest.c >&5
configure:3744: $? = 0
configure:3757: result: none needed
configure:3788: checking for style of include used by make
configure:3816: result: GNU
configure:3841: checking dependency style of arm-arago-linux-gnueabi-gcc
configure:3951: result: gcc3
configure:3971: checking how to run the C preprocessor
configure:4002: arm-arago-linux-gnueabi-gcc -E  conftest.c
configure:4002: $? = 0
configure:4016: arm-arago-linux-gnueabi-gcc -E  conftest.c
conftest.c:11:28: fatal error: ac_nonexistent.h: No such file or directory
compilation terminated.
configure:4016: $? = 1
configure: failed program was:
| /* confdefs.h */
| #define PACKAGE_NAME ""
| #define PACKAGE_TARNAME ""
| #define PACKAGE_VERSION ""
| #define PACKAGE_STRING ""
| #define PACKAGE_BUGREPORT ""
| #define PACKAGE_URL ""
| #define PACKAGE "libeXosip2"
| #define VERSION "3.6.0"
| /* end confdefs.h.  */
| #include <ac_nonexistent.h>
configure:4041: result: arm-arago-linux-gnueabi-gcc -E
configure:4061: arm-arago-linux-gnueabi-gcc -E  conftest.c
configure:4061: $? = 0
configure:4075: arm-arago-linux-gnueabi-gcc -E  conftest.c
conftest.c:11:28: fatal error: ac_nonexistent.h: No such file or directory
compilation terminated.
configure:4075: $? = 1
configure: failed program was:
| /* confdefs.h */
| #define PACKAGE_NAME ""
| #define PACKAGE_TARNAME ""
| #define PACKAGE_VERSION ""
| #define PACKAGE_STRING ""
| #define PACKAGE_BUGREPORT ""
| #define PACKAGE_URL ""
| #define PACKAGE "libeXosip2"
| #define VERSION "3.6.0"
| /* end confdefs.h.  */
| #include <ac_nonexistent.h>
configure:4105: checking for a sed that does not truncate output
configure:4169: result: /bin/sed
configure:4199: checking for a sed that does not truncate output
configure:4263: result: /bin/sed
configure:4281: checking for grep that handles long lines and -e
configure:4339: result: /bin/grep
configure:4344: checking for egrep
configure:4406: result: /bin/grep -E
configure:4411: checking for fgrep
configure:4473: result: /bin/grep -F
configure:4508: checking for ld used by arm-arago-linux-gnueabi-gcc
configure:4575: result: /opt/linux_devkit/arm-arago-linux-gnueabi/bin/ld
configure:4582: checking if the linker (/opt/linux_devkit/arm-arago-linux-gnueabi/bin/ld) is GNU ld
configure:4597: result: yes
configure:4609: checking for BSD- or MS-compatible name lister (nm)
configure:4658: result: /opt/linux_devkit/bin/arm-arago-linux-gnueabi-nm -B
configure:4776: checking the name lister (/opt/linux_devkit/bin/arm-arago-linux-gnueabi-nm -B) interface
configure:4783: arm-arago-linux-gnueabi-gcc -c -g -O2  conftest.c >&5
configure:4786: /opt/linux_devkit/bin/arm-arago-linux-gnueabi-nm -B "conftest.o"
configure:4789: output
00000000 B some_variable
configure:4796: result: BSD nm
configure:4799: checking whether ln -s works
configure:4806: result: no, using ln
configure:4811: checking the maximum length of command line arguments
configure:4931: result: 1572864
configure:4948: checking whether the shell understands some XSI constructs
configure:4958: result: yes
configure:4962: checking whether the shell understands "+="
configure:4968: result: yes
configure:5003: checking for /opt/linux_devkit/arm-arago-linux-gnueabi/bin/ld option to reload object files
configure:5010: result: -r
configure:5039: checking for arm-arago-linux-gnueabi-objdump
configure:5055: found /opt/linux_devkit/bin/arm-arago-linux-gnueabi-objdump
configure:5066: result: arm-arago-linux-gnueabi-objdump
configure:5138: checking how to recognize dependent libraries
configure:5334: result: pass_all
configure:5354: checking for arm-arago-linux-gnueabi-ar
configure:5370: found /opt/linux_devkit/bin/arm-arago-linux-gnueabi-ar
configure:5381: result: arm-arago-linux-gnueabi-ar
configure:5459: checking for arm-arago-linux-gnueabi-strip
configure:5486: result: arm-arago-linux-gnueabi-strip
configure:5558: checking for arm-arago-linux-gnueabi-ranlib
configure:5574: found /opt/linux_devkit/bin/arm-arago-linux-gnueabi-ranlib
configure:5585: result: arm-arago-linux-gnueabi-ranlib
configure:5715: checking command to parse /opt/linux_devkit/bin/arm-arago-linux-gnueabi-nm -B output from arm-arago-linux-gnueabi-gcc object
configure:5833: arm-arago-linux-gnueabi-gcc -c -g -O2  conftest.c >&5
configure:5836: $? = 0
configure:5840: /opt/linux_devkit/bin/arm-arago-linux-gnueabi-nm -B conftest.o \| sed -n -e 's/^.*[	 ]\([ABCDGIRSTW][ABCDGIRSTW]*\)[	 ][	 ]*\([_A-Za-z][_A-Za-z0-9]*\)$/\1 \2 \2/p' \> conftest.nm
configure:5843: $? = 0
configure:5897: arm-arago-linux-gnueabi-gcc -o conftest -g -O2   conftest.c conftstm.o >&5
configure:5900: $? = 0
configure:5938: result: ok
configure:6743: checking for ANSI C header files
configure:6763: arm-arago-linux-gnueabi-gcc -c -g -O2  conftest.c >&5
configure:6763: $? = 0
configure:6847: result: yes
configure:6860: checking for sys/types.h
configure:6860: arm-arago-linux-gnueabi-gcc -c -g -O2  conftest.c >&5
configure:6860: $? = 0
configure:6860: result: yes
configure:6860: checking for sys/stat.h
configure:6860: arm-arago-linux-gnueabi-gcc -c -g -O2  conftest.c >&5
configure:6860: $? = 0
configure:6860: result: yes
configure:6860: checking for stdlib.h
configure:6860: arm-arago-linux-gnueabi-gcc -c -g -O2  conftest.c >&5
configure:6860: $? = 0
configure:6860: result: yes
configure:6860: checking for string.h
configure:6860: arm-arago-linux-gnueabi-gcc -c -g -O2  conftest.c >&5
configure:6860: $? = 0
configure:6860: result: yes
configure:6860: checking for memory.h
configure:6860: arm-arago-linux-gnueabi-gcc -c -g -O2  conftest.c >&5
configure:6860: $? = 0
configure:6860: result: yes
configure:6860: checking for strings.h
configure:6860: arm-arago-linux-gnueabi-gcc -c -g -O2  conftest.c >&5
configure:6860: $? = 0
configure:6860: result: yes
configure:6860: checking for inttypes.h
configure:6860: arm-arago-linux-gnueabi-gcc -c -g -O2  conftest.c >&5
configure:6860: $? = 0
configure:6860: result: yes
configure:6860: checking for stdint.h
configure:6860: arm-arago-linux-gnueabi-gcc -c -g -O2  conftest.c >&5
configure:6860: $? = 0
configure:6860: result: yes
configure:6860: checking for unistd.h
configure:6860: arm-arago-linux-gnueabi-gcc -c -g -O2  conftest.c >&5
configure:6860: $? = 0
configure:6860: result: yes
configure:6874: checking for dlfcn.h
configure:6874: arm-arago-linux-gnueabi-gcc -c -g -O2  conftest.c >&5
configure:6874: $? = 0
configure:6874: result: yes
configure:7058: checking for objdir
configure:7073: result: .libs
configure:7365: checking if arm-arago-linux-gnueabi-gcc supports -fno-rtti -fno-exceptions
configure:7383: arm-arago-linux-gnueabi-gcc -c -g -O2  -fno-rtti -fno-exceptions conftest.c >&5
cc1: warning: command line option "-fno-rtti" is valid for C++/ObjC++ but not for C
configure:7387: $? = 0
configure:7400: result: no
configure:7420: checking for arm-arago-linux-gnueabi-gcc option to produce PIC
configure:7692: result: -fPIC -DPIC
configure:7704: checking if arm-arago-linux-gnueabi-gcc PIC flag -fPIC -DPIC works
configure:7722: arm-arago-linux-gnueabi-gcc -c -g -O2  -fPIC -DPIC -DPIC conftest.c >&5
configure:7726: $? = 0
configure:7739: result: yes
configure:7763: checking if arm-arago-linux-gnueabi-gcc static flag -static works
configure:7791: result: yes
configure:7806: checking if arm-arago-linux-gnueabi-gcc supports -c -o file.o
configure:7827: arm-arago-linux-gnueabi-gcc -c -g -O2  -o out/conftest2.o conftest.c >&5
configure:7831: $? = 0
configure:7853: result: yes
configure:7861: checking if arm-arago-linux-gnueabi-gcc supports -c -o file.o
configure:7908: result: yes
configure:7941: checking whether the arm-arago-linux-gnueabi-gcc linker (/opt/linux_devkit/arm-arago-linux-gnueabi/bin/ld) supports shared libraries
configure:8932: result: yes
configure:8969: checking whether -lc should be explicitly linked in
configure:8974: arm-arago-linux-gnueabi-gcc -c -g -O2  conftest.c >&5
configure:8977: $? = 0
configure:8992: arm-arago-linux-gnueabi-gcc -shared conftest.o  -v -Wl,-soname -Wl,conftest -o conftest 2\>\&1 \| /bin/grep  -lc  \>/dev/null 2\>\&1
configure:8995: $? = 0
configure:9007: result: no
configure:9171: checking dynamic linker characteristics
configure:9604: arm-arago-linux-gnueabi-gcc -o conftest -g -O2   -Wl,-rpath -Wl,/foo conftest.c  >&5
configure:9604: $? = 0
configure:9834: result: GNU/Linux ld.so
configure:9936: checking how to hardcode library paths into programs
configure:9961: result: immediate
configure:10481: checking whether stripping libraries is possible
configure:10486: result: yes
configure:10521: checking if libtool supports shared libraries
configure:10523: result: yes
configure:10526: checking whether to build shared libraries
configure:10547: result: yes
configure:10550: checking whether to build static libraries
configure:10554: result: yes
configure:10790: checking for the pthreads library -lpthreads
configure:10823: arm-arago-linux-gnueabi-gcc -o conftest -g -O2    conftest.c -lpthreads  >&5
/opt/linux_devkit/bin/../lib/gcc/arm-arago-linux-gnueabi/4.5.3/../../../../arm-arago-linux-gnueabi/bin/ld: cannot find -lpthreads
collect2: ld returned 1 exit status
configure:10823: $? = 1
configure: failed program was:
| /* confdefs.h */
| #define PACKAGE_NAME ""
| #define PACKAGE_TARNAME ""
| #define PACKAGE_VERSION ""
| #define PACKAGE_STRING ""
| #define PACKAGE_BUGREPORT ""
| #define PACKAGE_URL ""
| #define PACKAGE "libeXosip2"
| #define VERSION "3.6.0"
| #define STDC_HEADERS 1
| #define HAVE_SYS_TYPES_H 1
| #define HAVE_SYS_STAT_H 1
| #define HAVE_STDLIB_H 1
| #define HAVE_STRING_H 1
| #define HAVE_MEMORY_H 1
| #define HAVE_STRINGS_H 1
| #define HAVE_INTTYPES_H 1
| #define HAVE_STDINT_H 1
| #define HAVE_UNISTD_H 1
| #define HAVE_DLFCN_H 1
| #define LT_OBJDIR ".libs/"
| /* end confdefs.h.  */
| #include <pthread.h>
| int
| main ()
| {
| pthread_t th; pthread_join(th, 0);
|                      pthread_attr_init(0); pthread_cleanup_push(0, 0);
|                      pthread_create(0,0,0,0); pthread_cleanup_pop(0);
|   ;
|   return 0;
| }
configure:10832: result: no
configure:10779: checking whether pthreads work without any flags
configure:10823: arm-arago-linux-gnueabi-gcc -o conftest -g -O2    conftest.c   >&5
/tmp/ccMEfzLl.o: In function `main':
/home/yangyy/venusgb/libeXosip2-3.6.0/conftest.c:27: undefined reference to `pthread_join'
/home/yangyy/venusgb/libeXosip2-3.6.0/conftest.c:28: undefined reference to `__pthread_register_cancel'
/home/yangyy/venusgb/libeXosip2-3.6.0/conftest.c:29: undefined reference to `pthread_create'
/home/yangyy/venusgb/libeXosip2-3.6.0/conftest.c:29: undefined reference to `__pthread_unregister_cancel'
collect2: ld returned 1 exit status
configure:10823: $? = 1
configure: failed program was:
| /* confdefs.h */
| #define PACKAGE_NAME ""
| #define PACKAGE_TARNAME ""
| #define PACKAGE_VERSION ""
| #define PACKAGE_STRING ""
| #define PACKAGE_BUGREPORT ""
| #define PACKAGE_URL ""
| #define PACKAGE "libeXosip2"
| #define VERSION "3.6.0"
| #define STDC_HEADERS 1
| #define HAVE_SYS_TYPES_H 1
| #define HAVE_SYS_STAT_H 1
| #define HAVE_STDLIB_H 1
| #define HAVE_STRING_H 1
| #define HAVE_MEMORY_H 1
| #define HAVE_STRINGS_H 1
| #define HAVE_INTTYPES_H 1
| #define HAVE_STDINT_H 1
| #define HAVE_UNISTD_H 1
| #define HAVE_DLFCN_H 1
| #define LT_OBJDIR ".libs/"
| /* end confdefs.h.  */
| #include <pthread.h>
| int
| main ()
| {
| pthread_t th; pthread_join(th, 0);
|                      pthread_attr_init(0); pthread_cleanup_push(0, 0);
|                      pthread_create(0,0,0,0); pthread_cleanup_pop(0);
|   ;
|   return 0;
| }
configure:10832: result: no
configure:10784: checking whether pthreads work with -Kthread
configure:10823: arm-arago-linux-gnueabi-gcc -o conftest -g -O2 -Kthread   conftest.c   >&5
arm-arago-linux-gnueabi-gcc: unrecognized option '-Kthread'
/tmp/ccs0K0ZQ.o: In function `main':
/home/yangyy/venusgb/libeXosip2-3.6.0/conftest.c:27: undefined reference to `pthread_join'
/home/yangyy/venusgb/libeXosip2-3.6.0/conftest.c:28: undefined reference to `__pthread_register_cancel'
/home/yangyy/venusgb/libeXosip2-3.6.0/conftest.c:29: undefined reference to `pthread_create'
/home/yangyy/venusgb/libeXosip2-3.6.0/conftest.c:29: undefined reference to `__pthread_unregister_cancel'
collect2: ld returned 1 exit status
configure:10823: $? = 1
configure: failed program was:
| /* confdefs.h */
| #define PACKAGE_NAME ""
| #define PACKAGE_TARNAME ""
| #define PACKAGE_VERSION ""
| #define PACKAGE_STRING ""
| #define PACKAGE_BUGREPORT ""
| #define PACKAGE_URL ""
| #define PACKAGE "libeXosip2"
| #define VERSION "3.6.0"
| #define STDC_HEADERS 1
| #define HAVE_SYS_TYPES_H 1
| #define HAVE_SYS_STAT_H 1
| #define HAVE_STDLIB_H 1
| #define HAVE_STRING_H 1
| #define HAVE_MEMORY_H 1
| #define HAVE_STRINGS_H 1
| #define HAVE_INTTYPES_H 1
| #define HAVE_STDINT_H 1
| #define HAVE_UNISTD_H 1
| #define HAVE_DLFCN_H 1
| #define LT_OBJDIR ".libs/"
| /* end confdefs.h.  */
| #include <pthread.h>
| int
| main ()
| {
| pthread_t th; pthread_join(th, 0);
|                      pthread_attr_init(0); pthread_cleanup_push(0, 0);
|                      pthread_create(0,0,0,0); pthread_cleanup_pop(0);
|   ;
|   return 0;
| }
configure:10832: result: no
configure:10784: checking whether pthreads work with -kthread
configure:10823: arm-arago-linux-gnueabi-gcc -o conftest -g -O2 -kthread   conftest.c   >&5
arm-arago-linux-gnueabi-gcc: unrecognized option '-kthread'
/tmp/cceB0UUj.o: In function `main':
/home/yangyy/venusgb/libeXosip2-3.6.0/conftest.c:27: undefined reference to `pthread_join'
/home/yangyy/venusgb/libeXosip2-3.6.0/conftest.c:28: undefined reference to `__pthread_register_cancel'
/home/yangyy/venusgb/libeXosip2-3.6.0/conftest.c:29: undefined reference to `pthread_create'
/home/yangyy/venusgb/libeXosip2-3.6.0/conftest.c:29: undefined reference to `__pthread_unregister_cancel'
collect2: ld returned 1 exit status
configure:10823: $? = 1
configure: failed program was:
| /* confdefs.h */
| #define PACKAGE_NAME ""
| #define PACKAGE_TARNAME ""
| #define PACKAGE_VERSION ""
| #define PACKAGE_STRING ""
| #define PACKAGE_BUGREPORT ""
| #define PACKAGE_URL ""
| #define PACKAGE "libeXosip2"
| #define VERSION "3.6.0"
| #define STDC_HEADERS 1
| #define HAVE_SYS_TYPES_H 1
| #define HAVE_SYS_STAT_H 1
| #define HAVE_STDLIB_H 1
| #define HAVE_STRING_H 1
| #define HAVE_MEMORY_H 1
| #define HAVE_STRINGS_H 1
| #define HAVE_INTTYPES_H 1
| #define HAVE_STDINT_H 1
| #define HAVE_UNISTD_H 1
| #define HAVE_DLFCN_H 1
| #define LT_OBJDIR ".libs/"
| /* end confdefs.h.  */
| #include <pthread.h>
| int
| main ()
| {
| pthread_t th; pthread_join(th, 0);
|                      pthread_attr_init(0); pthread_cleanup_push(0, 0);
|                      pthread_create(0,0,0,0); pthread_cleanup_pop(0);
|   ;
|   return 0;
| }
configure:10832: result: no
configure:10790: checking for the pthreads library -llthread
configure:10823: arm-arago-linux-gnueabi-gcc -o conftest -g -O2    conftest.c -llthread  >&5
/opt/linux_devkit/bin/../lib/gcc/arm-arago-linux-gnueabi/4.5.3/../../../../arm-arago-linux-gnueabi/bin/ld: cannot find -llthread
collect2: ld returned 1 exit status
configure:10823: $? = 1
configure: failed program was:
| /* confdefs.h */
| #define PACKAGE_NAME ""
| #define PACKAGE_TARNAME ""
| #define PACKAGE_VERSION ""
| #define PACKAGE_STRING ""
| #define PACKAGE_BUGREPORT ""
| #define PACKAGE_URL ""
| #define PACKAGE "libeXosip2"
| #define VERSION "3.6.0"
| #define STDC_HEADERS 1
| #define HAVE_SYS_TYPES_H 1
| #define HAVE_SYS_STAT_H 1
| #define HAVE_STDLIB_H 1
| #define HAVE_STRING_H 1
| #define HAVE_MEMORY_H 1
| #define HAVE_STRINGS_H 1
| #define HAVE_INTTYPES_H 1
| #define HAVE_STDINT_H 1
| #define HAVE_UNISTD_H 1
| #define HAVE_DLFCN_H 1
| #define LT_OBJDIR ".libs/"
| /* end confdefs.h.  */
| #include <pthread.h>
| int
| main ()
| {
| pthread_t th; pthread_join(th, 0);
|                      pthread_attr_init(0); pthread_cleanup_push(0, 0);
|                      pthread_create(0,0,0,0); pthread_cleanup_pop(0);
|   ;
|   return 0;
| }
configure:10832: result: no
configure:10784: checking whether pthreads work with -pthread
configure:10823: arm-arago-linux-gnueabi-gcc -o conftest -g -O2 -pthread   conftest.c   >&5
configure:10823: $? = 0
configure:10832: result: yes
configure:10852: checking for joinable pthread attribute
configure:10865: arm-arago-linux-gnueabi-gcc -o conftest -g -O2 -pthread   conftest.c   >&5
configure:10865: $? = 0
configure:10897: result: PTHREAD_CREATE_JOINABLE
configure:10904: checking if more special flags are required for pthreads
configure:10911: result: no
configure:10923: checking for cc_r
configure:10951: result: arm-arago-linux-gnueabi-gcc
configure:11015: checking semaphore.h usability
configure:11015: arm-arago-linux-gnueabi-gcc -c -g -O2  conftest.c >&5
configure:11015: $? = 0
configure:11015: result: yes
configure:11015: checking semaphore.h presence
configure:11015: arm-arago-linux-gnueabi-gcc -E  conftest.c
configure:11015: $? = 0
configure:11015: result: yes
configure:11015: checking for semaphore.h
configure:11015: result: yes
configure:11027: checking sys/sem.h usability
configure:11027: arm-arago-linux-gnueabi-gcc -c -g -O2  conftest.c >&5
configure:11027: $? = 0
configure:11027: result: yes
configure:11027: checking sys/sem.h presence
configure:11027: arm-arago-linux-gnueabi-gcc -E  conftest.c
configure:11027: $? = 0
configure:11027: result: yes
configure:11027: checking for sys/sem.h
configure:11027: result: yes
configure:11106: Cross compiling exosip.
configure:11148: checking for sem_open in -lposix4
configure:11173: arm-arago-linux-gnueabi-gcc -o conftest -g    conftest.c -lposix4   >&5
/opt/linux_devkit/bin/../lib/gcc/arm-arago-linux-gnueabi/4.5.3/../../../../arm-arago-linux-gnueabi/bin/ld: cannot find -lposix4
collect2: ld returned 1 exit status
configure:11173: $? = 1
configure: failed program was:
| /* confdefs.h */
| #define PACKAGE_NAME ""
| #define PACKAGE_TARNAME ""
| #define PACKAGE_VERSION ""
| #define PACKAGE_STRING ""
| #define PACKAGE_BUGREPORT ""
| #define PACKAGE_URL ""
| #define PACKAGE "libeXosip2"
| #define VERSION "3.6.0"
| #define STDC_HEADERS 1
| #define HAVE_SYS_TYPES_H 1
| #define HAVE_SYS_STAT_H 1
| #define HAVE_STDLIB_H 1
| #define HAVE_STRING_H 1
| #define HAVE_MEMORY_H 1
| #define HAVE_STRINGS_H 1
| #define HAVE_INTTYPES_H 1
| #define HAVE_STDINT_H 1
| #define HAVE_UNISTD_H 1
| #define HAVE_DLFCN_H 1
| #define LT_OBJDIR ".libs/"
| #define HAVE_PTHREAD 1
| #define HAVE_SEMAPHORE_H 1
| #define HAVE_SYS_SEM_H 1
| /* end confdefs.h.  */
| 
| /* Override any GCC internal prototype to avoid an error.
|    Use char because int might match the return type of a GCC
|    builtin and then its argument prototype would still apply.  */
| #ifdef __cplusplus
| extern "C"
| #endif
| char sem_open ();
| int
| main ()
| {
| return sem_open ();
|   ;
|   return 0;
| }
configure:11182: result: no
configure:11188: checking for nis_add in -lnsl
configure:11213: arm-arago-linux-gnueabi-gcc -o conftest -g    conftest.c -lnsl   >&5
configure:11213: $? = 0
configure:11222: result: yes
configure:11228: checking for sendto in -lsocket
configure:11253: arm-arago-linux-gnueabi-gcc -o conftest -g    conftest.c -lsocket   >&5
/opt/linux_devkit/bin/../lib/gcc/arm-arago-linux-gnueabi/4.5.3/../../../../arm-arago-linux-gnueabi/bin/ld: cannot find -lsocket
collect2: ld returned 1 exit status
configure:11253: $? = 1
configure: failed program was:
| /* confdefs.h */
| #define PACKAGE_NAME ""
| #define PACKAGE_TARNAME ""
| #define PACKAGE_VERSION ""
| #define PACKAGE_STRING ""
| #define PACKAGE_BUGREPORT ""
| #define PACKAGE_URL ""
| #define PACKAGE "libeXosip2"
| #define VERSION "3.6.0"
| #define STDC_HEADERS 1
| #define HAVE_SYS_TYPES_H 1
| #define HAVE_SYS_STAT_H 1
| #define HAVE_STDLIB_H 1
| #define HAVE_STRING_H 1
| #define HAVE_MEMORY_H 1
| #define HAVE_STRINGS_H 1
| #define HAVE_INTTYPES_H 1
| #define HAVE_STDINT_H 1
| #define HAVE_UNISTD_H 1
| #define HAVE_DLFCN_H 1
| #define LT_OBJDIR ".libs/"
| #define HAVE_PTHREAD 1
| #define HAVE_SEMAPHORE_H 1
| #define HAVE_SYS_SEM_H 1
| /* end confdefs.h.  */
| 
| /* Override any GCC internal prototype to avoid an error.
|    Use char because int might match the return type of a GCC
|    builtin and then its argument prototype would still apply.  */
| #ifdef __cplusplus
| extern "C"
| #endif
| char sendto ();
| int
| main ()
| {
| return sendto ();
|   ;
|   return 0;
| }
configure:11262: result: no
configure:11268: checking for clock_gettime in -lrt
configure:11293: arm-arago-linux-gnueabi-gcc -o conftest -g    conftest.c -lrt   >&5
configure:11293: $? = 0
configure:11302: result: yes
configure:11313: checking for res_query in -lresolv
configure:11338: arm-arago-linux-gnueabi-gcc -o conftest -g    conftest.c -lresolv   >&5
/tmp/cc0vwfJJ.o: In function `main':
/home/yangyy/venusgb/libeXosip2-3.6.0/conftest.c:37: undefined reference to `res_query'
collect2: ld returned 1 exit status
configure:11338: $? = 1
configure: failed program was:
| /* confdefs.h */
| #define PACKAGE_NAME ""
| #define PACKAGE_TARNAME ""
| #define PACKAGE_VERSION ""
| #define PACKAGE_STRING ""
| #define PACKAGE_BUGREPORT ""
| #define PACKAGE_URL ""
| #define PACKAGE "libeXosip2"
| #define VERSION "3.6.0"
| #define STDC_HEADERS 1
| #define HAVE_SYS_TYPES_H 1
| #define HAVE_SYS_STAT_H 1
| #define HAVE_STDLIB_H 1
| #define HAVE_STRING_H 1
| #define HAVE_MEMORY_H 1
| #define HAVE_STRINGS_H 1
| #define HAVE_INTTYPES_H 1
| #define HAVE_STDINT_H 1
| #define HAVE_UNISTD_H 1
| #define HAVE_DLFCN_H 1
| #define LT_OBJDIR ".libs/"
| #define HAVE_PTHREAD 1
| #define HAVE_SEMAPHORE_H 1
| #define HAVE_SYS_SEM_H 1
| /* end confdefs.h.  */
| 
| /* Override any GCC internal prototype to avoid an error.
|    Use char because int might match the return type of a GCC
|    builtin and then its argument prototype would still apply.  */
| #ifdef __cplusplus
| extern "C"
| #endif
| char res_query ();
| int
| main ()
| {
| return res_query ();
|   ;
|   return 0;
| }
configure:11347: result: no
configure:11353: checking for __res_query in -lresolv
configure:11378: arm-arago-linux-gnueabi-gcc -o conftest -g    conftest.c -lresolv   >&5
configure:11378: $? = 0
configure:11387: result: yes
configure:11396: checking for ares_init in -lcares
configure:11421: arm-arago-linux-gnueabi-gcc -o conftest -g    conftest.c -lcares   >&5
/opt/linux_devkit/bin/../lib/gcc/arm-arago-linux-gnueabi/4.5.3/../../../../arm-arago-linux-gnueabi/bin/ld: cannot find -lcares
collect2: ld returned 1 exit status
configure:11421: $? = 1
configure: failed program was:
| /* confdefs.h */
| #define PACKAGE_NAME ""
| #define PACKAGE_TARNAME ""
| #define PACKAGE_VERSION ""
| #define PACKAGE_STRING ""
| #define PACKAGE_BUGREPORT ""
| #define PACKAGE_URL ""
| #define PACKAGE "libeXosip2"
| #define VERSION "3.6.0"
| #define STDC_HEADERS 1
| #define HAVE_SYS_TYPES_H 1
| #define HAVE_SYS_STAT_H 1
| #define HAVE_STDLIB_H 1
| #define HAVE_STRING_H 1
| #define HAVE_MEMORY_H 1
| #define HAVE_STRINGS_H 1
| #define HAVE_INTTYPES_H 1
| #define HAVE_STDINT_H 1
| #define HAVE_UNISTD_H 1
| #define HAVE_DLFCN_H 1
| #define LT_OBJDIR ".libs/"
| #define HAVE_PTHREAD 1
| #define HAVE_SEMAPHORE_H 1
| #define HAVE_SYS_SEM_H 1
| /* end confdefs.h.  */
| 
| /* Override any GCC internal prototype to avoid an error.
|    Use char because int might match the return type of a GCC
|    builtin and then its argument prototype would still apply.  */
| #ifdef __cplusplus
| extern "C"
| #endif
| char ares_init ();
| int
| main ()
| {
| return ares_init ();
|   ;
|   return 0;
| }
configure:11430: result: no
configure:11445: WARNING: c-ares library is not installed
configure:11461: checking for arm-arago-linux-gnueabi-pkg-config
configure:11494: result: no
configure:11504: checking for pkg-config
configure:11522: found /usr/bin/pkg-config
configure:11534: result: /usr/bin/pkg-config
configure:11546: WARNING: using cross tools not prefixed with host triplet
configure:11559: checking pkg-config is at least version 0.9.0
configure:11562: result: yes
configure:11572: checking for OSIP
configure:11579: $PKG_CONFIG --exists --print-errors "libosip2 >= 3.5"
Package libosip2 was not found in the pkg-config search path.
Perhaps you should add the directory containing `libosip2.pc'
to the PKG_CONFIG_PATH environment variable
No package 'libosip2' found
configure:11582: $? = 1
configure:11595: $PKG_CONFIG --exists --print-errors "libosip2 >= 3.5"
Package libosip2 was not found in the pkg-config search path.
Perhaps you should add the directory containing `libosip2.pc'
to the PKG_CONFIG_PATH environment variable
No package 'libosip2' found
configure:11598: $? = 1
configure:11611: result: no
No package 'libosip2' found
configure:11628: WARNING: assuming osip can be found in -I${prefix}/include and -L${exec_prefix}/lib
configure:11652: checking whether -Wall works
configure:11671: arm-arago-linux-gnueabi-gcc -c -g  -Wall conftest.c >&5
configure:11671: $? = 0
configure:11680: result: yes
configure:11687: checking whether -Wcast-align works
configure:11706: arm-arago-linux-gnueabi-gcc -c -g  -Wcast-align conftest.c >&5
configure:11706: $? = 0
configure:11715: result: yes
configure:11722: checking whether -Wchar-subscripts works
configure:11741: arm-arago-linux-gnueabi-gcc -c -g  -Wchar-subscripts conftest.c >&5
configure:11741: $? = 0
configure:11750: result: yes
configure:11757: checking whether -Wformat works
configure:11776: arm-arago-linux-gnueabi-gcc -c -g  -Wformat conftest.c >&5
configure:11776: $? = 0
configure:11785: result: yes
configure:11792: checking whether -Winline works
configure:11811: arm-arago-linux-gnueabi-gcc -c -g  -Winline conftest.c >&5
configure:11811: $? = 0
configure:11820: result: yes
configure:11827: checking whether -Wmissing-declarations works
configure:11846: arm-arago-linux-gnueabi-gcc -c -g  -Wmissing-declarations conftest.c >&5
configure:11846: $? = 0
configure:11855: result: yes
configure:11862: checking whether -Wmissing-prototypes works
configure:11881: arm-arago-linux-gnueabi-gcc -c -g  -Wmissing-prototypes conftest.c >&5
configure:11881: $? = 0
configure:11890: result: yes
configure:11897: checking whether -Wnested-externs works
configure:11916: arm-arago-linux-gnueabi-gcc -c -g  -Wnested-externs conftest.c >&5
configure:11916: $? = 0
configure:11925: result: yes
configure:11932: checking whether -Wpointer-arith works
configure:11951: arm-arago-linux-gnueabi-gcc -c -g  -Wpointer-arith conftest.c >&5
configure:11951: $? = 0
configure:11960: result: yes
configure:11975: checking for ANSI C header files
configure:12079: result: yes
configure:12089: checking ctype.h usability
configure:12089: arm-arago-linux-gnueabi-gcc -c -g   -Wall -Wcast-align -Wchar-subscripts -Wformat -Winline -Wmissing-declarations -Wmissing-prototypes -Wnested-externs -Wpointer-arith conftest.c >&5
configure:12089: $? = 0
configure:12089: result: yes
configure:12089: checking ctype.h presence
configure:12089: arm-arago-linux-gnueabi-gcc -E  -Wall -Wcast-align -Wchar-subscripts -Wformat -Winline -Wmissing-declarations -Wmissing-prototypes -Wnested-externs -Wpointer-arith conftest.c
configure:12089: $? = 0
configure:12089: result: yes
configure:12089: checking for ctype.h
configure:12089: result: yes
configure:12101: checking for string.h
configure:12101: result: yes
configure:12113: checking for strings.h
configure:12113: result: yes
configure:12125: checking stdio.h usability
configure:12125: arm-arago-linux-gnueabi-gcc -c -g   -Wall -Wcast-align -Wchar-subscripts -Wformat -Winline -Wmissing-declarations -Wmissing-prototypes -Wnested-externs -Wpointer-arith conftest.c >&5
configure:12125: $? = 0
configure:12125: result: yes
configure:12125: checking stdio.h presence
configure:12125: arm-arago-linux-gnueabi-gcc -E  -Wall -Wcast-align -Wchar-subscripts -Wformat -Winline -Wmissing-declarations -Wmissing-prototypes -Wnested-externs -Wpointer-arith conftest.c
configure:12125: $? = 0
configure:12125: result: yes
configure:12125: checking for stdio.h
configure:12125: result: yes
configure:12137: checking for stdlib.h
configure:12137: result: yes
configure:12149: checking for unistd.h
configure:12149: result: yes
configure:12161: checking stdarg.h usability
configure:12161: arm-arago-linux-gnueabi-gcc -c -g   -Wall -Wcast-align -Wchar-subscripts -Wformat -Winline -Wmissing-declarations -Wmissing-prototypes -Wnested-externs -Wpointer-arith conftest.c >&5
configure:12161: $? = 0
configure:12161: result: yes
configure:12161: checking stdarg.h presence
configure:12161: arm-arago-linux-gnueabi-gcc -E  -Wall -Wcast-align -Wchar-subscripts -Wformat -Winline -Wmissing-declarations -Wmissing-prototypes -Wnested-externs -Wpointer-arith conftest.c
configure:12161: $? = 0
configure:12161: result: yes
configure:12161: checking for stdarg.h
configure:12161: result: yes
configure:12173: checking varargs.h usability
configure:12173: arm-arago-linux-gnueabi-gcc -c -g   -Wall -Wcast-align -Wchar-subscripts -Wformat -Winline -Wmissing-declarations -Wmissing-prototypes -Wnested-externs -Wpointer-arith conftest.c >&5
In file included from conftest.c:67:0:
/opt/linux_devkit/bin/../lib/gcc/arm-arago-linux-gnueabi/4.5.3/include/varargs.h:4:2: error: #error "GCC no longer implements <varargs.h>."
/opt/linux_devkit/bin/../lib/gcc/arm-arago-linux-gnueabi/4.5.3/include/varargs.h:5:2: error: #error "Revise your code to use <stdarg.h>."
configure:12173: $? = 1
configure: failed program was:
| /* confdefs.h */
| #define PACKAGE_NAME ""
| #define PACKAGE_TARNAME ""
| #define PACKAGE_VERSION ""
| #define PACKAGE_STRING ""
| #define PACKAGE_BUGREPORT ""
| #define PACKAGE_URL ""
| #define PACKAGE "libeXosip2"
| #define VERSION "3.6.0"
| #define STDC_HEADERS 1
| #define HAVE_SYS_TYPES_H 1
| #define HAVE_SYS_STAT_H 1
| #define HAVE_STDLIB_H 1
| #define HAVE_STRING_H 1
| #define HAVE_MEMORY_H 1
| #define HAVE_STRINGS_H 1
| #define HAVE_INTTYPES_H 1
| #define HAVE_STDINT_H 1
| #define HAVE_UNISTD_H 1
| #define HAVE_DLFCN_H 1
| #define LT_OBJDIR ".libs/"
| #define HAVE_PTHREAD 1
| #define HAVE_SEMAPHORE_H 1
| #define HAVE_SYS_SEM_H 1
| #define STDC_HEADERS 1
| #define HAVE_CTYPE_H 1
| #define HAVE_STRING_H 1
| #define HAVE_STRINGS_H 1
| #define HAVE_STDIO_H 1
| #define HAVE_STDLIB_H 1
| #define HAVE_UNISTD_H 1
| #define HAVE_STDARG_H 1
| /* end confdefs.h.  */
| #include <stdio.h>
| #ifdef HAVE_SYS_TYPES_H
| # include <sys/types.h>
| #endif
| #ifdef HAVE_SYS_STAT_H
| # include <sys/stat.h>
| #endif
| #ifdef STDC_HEADERS
| # include <stdlib.h>
| # include <stddef.h>
| #else
| # ifdef HAVE_STDLIB_H
| #  include <stdlib.h>
| # endif
| #endif
| #ifdef HAVE_STRING_H
| # if !defined STDC_HEADERS && defined HAVE_MEMORY_H
| #  include <memory.h>
| # endif
| # include <string.h>
| #endif
| #ifdef HAVE_STRINGS_H
| # include <strings.h>
| #endif
| #ifdef HAVE_INTTYPES_H
| # include <inttypes.h>
| #endif
| #ifdef HAVE_STDINT_H
| # include <stdint.h>
| #endif
| #ifdef HAVE_UNISTD_H
| # include <unistd.h>
| #endif
| #include <varargs.h>
configure:12173: result: no
configure:12173: checking varargs.h presence
configure:12173: arm-arago-linux-gnueabi-gcc -E  -Wall -Wcast-align -Wchar-subscripts -Wformat -Winline -Wmissing-declarations -Wmissing-prototypes -Wnested-externs -Wpointer-arith conftest.c
In file included from conftest.c:34:0:
/opt/linux_devkit/bin/../lib/gcc/arm-arago-linux-gnueabi/4.5.3/include/varargs.h:4:2: error: #error "GCC no longer implements <varargs.h>."
/opt/linux_devkit/bin/../lib/gcc/arm-arago-linux-gnueabi/4.5.3/include/varargs.h:5:2: error: #error "Revise your code to use <stdarg.h>."
configure:12173: $? = 1
configure: failed program was:
| /* confdefs.h */
| #define PACKAGE_NAME ""
| #define PACKAGE_TARNAME ""
| #define PACKAGE_VERSION ""
| #define PACKAGE_STRING ""
| #define PACKAGE_BUGREPORT ""
| #define PACKAGE_URL ""
| #define PACKAGE "libeXosip2"
| #define VERSION "3.6.0"
| #define STDC_HEADERS 1
| #define HAVE_SYS_TYPES_H 1
| #define HAVE_SYS_STAT_H 1
| #define HAVE_STDLIB_H 1
| #define HAVE_STRING_H 1
| #define HAVE_MEMORY_H 1
| #define HAVE_STRINGS_H 1
| #define HAVE_INTTYPES_H 1
| #define HAVE_STDINT_H 1
| #define HAVE_UNISTD_H 1
| #define HAVE_DLFCN_H 1
| #define LT_OBJDIR ".libs/"
| #define HAVE_PTHREAD 1
| #define HAVE_SEMAPHORE_H 1
| #define HAVE_SYS_SEM_H 1
| #define STDC_HEADERS 1
| #define HAVE_CTYPE_H 1
| #define HAVE_STRING_H 1
| #define HAVE_STRINGS_H 1
| #define HAVE_STDIO_H 1
| #define HAVE_STDLIB_H 1
| #define HAVE_UNISTD_H 1
| #define HAVE_STDARG_H 1
| /* end confdefs.h.  */
| #include <varargs.h>
configure:12173: result: no
configure:12173: checking for varargs.h
configure:12173: result: no
configure:12185: checking sys/time.h usability
configure:12185: arm-arago-linux-gnueabi-gcc -c -g   -Wall -Wcast-align -Wchar-subscripts -Wformat -Winline -Wmissing-declarations -Wmissing-prototypes -Wnested-externs -Wpointer-arith conftest.c >&5
configure:12185: $? = 0
configure:12185: result: yes
configure:12185: checking sys/time.h presence
configure:12185: arm-arago-linux-gnueabi-gcc -E  -Wall -Wcast-align -Wchar-subscripts -Wformat -Winline -Wmissing-declarations -Wmissing-prototypes -Wnested-externs -Wpointer-arith conftest.c
configure:12185: $? = 0
configure:12185: result: yes
configure:12185: checking for sys/time.h
configure:12185: result: yes
configure:12197: checking assert.h usability
configure:12197: arm-arago-linux-gnueabi-gcc -c -g   -Wall -Wcast-align -Wchar-subscripts -Wformat -Winline -Wmissing-declarations -Wmissing-prototypes -Wnested-externs -Wpointer-arith conftest.c >&5
configure:12197: $? = 0
configure:12197: result: yes
configure:12197: checking assert.h presence
configure:12197: arm-arago-linux-gnueabi-gcc -E  -Wall -Wcast-align -Wchar-subscripts -Wformat -Winline -Wmissing-declarations -Wmissing-prototypes -Wnested-externs -Wpointer-arith conftest.c
configure:12197: $? = 0
configure:12197: result: yes
configure:12197: checking for assert.h
configure:12197: result: yes
configure:12209: checking signal.h usability
configure:12209: arm-arago-linux-gnueabi-gcc -c -g   -Wall -Wcast-align -Wchar-subscripts -Wformat -Winline -Wmissing-declarations -Wmissing-prototypes -Wnested-externs -Wpointer-arith conftest.c >&5
configure:12209: $? = 0
configure:12209: result: yes
configure:12209: checking signal.h presence
configure:12209: arm-arago-linux-gnueabi-gcc -E  -Wall -Wcast-align -Wchar-subscripts -Wformat -Winline -Wmissing-declarations -Wmissing-prototypes -Wnested-externs -Wpointer-arith conftest.c
configure:12209: $? = 0
configure:12209: result: yes
configure:12209: checking for signal.h
configure:12209: result: yes
configure:12221: checking sys/signal.h usability
configure:12221: arm-arago-linux-gnueabi-gcc -c -g   -Wall -Wcast-align -Wchar-subscripts -Wformat -Winline -Wmissing-declarations -Wmissing-prototypes -Wnested-externs -Wpointer-arith conftest.c >&5
configure:12221: $? = 0
configure:12221: result: yes
configure:12221: checking sys/signal.h presence
configure:12221: arm-arago-linux-gnueabi-gcc -E  -Wall -Wcast-align -Wchar-subscripts -Wformat -Winline -Wmissing-declarations -Wmissing-prototypes -Wnested-externs -Wpointer-arith conftest.c
configure:12221: $? = 0
configure:12221: result: yes
configure:12221: checking for sys/signal.h
configure:12221: result: yes
configure:12233: checking malloc.h usability
configure:12233: arm-arago-linux-gnueabi-gcc -c -g   -Wall -Wcast-align -Wchar-subscripts -Wformat -Winline -Wmissing-declarations -Wmissing-prototypes -Wnested-externs -Wpointer-arith conftest.c >&5
configure:12233: $? = 0
configure:12233: result: yes
configure:12233: checking malloc.h presence
configure:12233: arm-arago-linux-gnueabi-gcc -E  -Wall -Wcast-align -Wchar-subscripts -Wformat -Winline -Wmissing-declarations -Wmissing-prototypes -Wnested-externs -Wpointer-arith conftest.c
configure:12233: $? = 0
configure:12233: result: yes
configure:12233: checking for malloc.h
configure:12233: result: yes
configure:12245: checking sys/select.h usability
configure:12245: arm-arago-linux-gnueabi-gcc -c -g   -Wall -Wcast-align -Wchar-subscripts -Wformat -Winline -Wmissing-declarations -Wmissing-prototypes -Wnested-externs -Wpointer-arith conftest.c >&5
configure:12245: $? = 0
configure:12245: result: yes
configure:12245: checking sys/select.h presence
configure:12245: arm-arago-linux-gnueabi-gcc -E  -Wall -Wcast-align -Wchar-subscripts -Wformat -Winline -Wmissing-declarations -Wmissing-prototypes -Wnested-externs -Wpointer-arith conftest.c
configure:12245: $? = 0
configure:12245: result: yes
configure:12245: checking for sys/select.h
configure:12245: result: yes
configure:12257: checking for sys/types.h
configure:12257: result: yes
configure:12269: checking fcntl.h usability
configure:12269: arm-arago-linux-gnueabi-gcc -c -g   -Wall -Wcast-align -Wchar-subscripts -Wformat -Winline -Wmissing-declarations -Wmissing-prototypes -Wnested-externs -Wpointer-arith conftest.c >&5
configure:12269: $? = 0
configure:12269: result: yes
configure:12269: checking fcntl.h presence
configure:12269: arm-arago-linux-gnueabi-gcc -E  -Wall -Wcast-align -Wchar-subscripts -Wformat -Winline -Wmissing-declarations -Wmissing-prototypes -Wnested-externs -Wpointer-arith conftest.c
configure:12269: $? = 0
configure:12269: result: yes
configure:12269: checking for fcntl.h
configure:12269: result: yes
configure:12281: checking sys/soundcard.h usability
configure:12281: arm-arago-linux-gnueabi-gcc -c -g   -Wall -Wcast-align -Wchar-subscripts -Wformat -Winline -Wmissing-declarations -Wmissing-prototypes -Wnested-externs -Wpointer-arith conftest.c >&5
configure:12281: $? = 0
configure:12281: result: yes
configure:12281: checking sys/soundcard.h presence
configure:12281: arm-arago-linux-gnueabi-gcc -E  -Wall -Wcast-align -Wchar-subscripts -Wformat -Winline -Wmissing-declarations -Wmissing-prototypes -Wnested-externs -Wpointer-arith conftest.c
configure:12281: $? = 0
configure:12281: result: yes
configure:12281: checking for sys/soundcard.h
configure:12281: result: yes
configure:12293: checking arpa/inet.h usability
configure:12293: arm-arago-linux-gnueabi-gcc -c -g   -Wall -Wcast-align -Wchar-subscripts -Wformat -Winline -Wmissing-declarations -Wmissing-prototypes -Wnested-externs -Wpointer-arith conftest.c >&5
configure:12293: $? = 0
configure:12293: result: yes
configure:12293: checking arpa/inet.h presence
configure:12293: arm-arago-linux-gnueabi-gcc -E  -Wall -Wcast-align -Wchar-subscripts -Wformat -Winline -Wmissing-declarations -Wmissing-prototypes -Wnested-externs -Wpointer-arith conftest.c
configure:12293: $? = 0
configure:12293: result: yes
configure:12293: checking for arpa/inet.h
configure:12293: result: yes
configure:12305: checking arpa/nameser.h usability
configure:12305: arm-arago-linux-gnueabi-gcc -c -g   -Wall -Wcast-align -Wchar-subscripts -Wformat -Winline -Wmissing-declarations -Wmissing-prototypes -Wnested-externs -Wpointer-arith conftest.c >&5
configure:12305: $? = 0
configure:12305: result: yes
configure:12305: checking arpa/nameser.h presence
configure:12305: arm-arago-linux-gnueabi-gcc -E  -Wall -Wcast-align -Wchar-subscripts -Wformat -Winline -Wmissing-declarations -Wmissing-prototypes -Wnested-externs -Wpointer-arith conftest.c
configure:12305: $? = 0
configure:12305: result: yes
configure:12305: checking for arpa/nameser.h
configure:12305: result: yes
configure:12317: checking netdb.h usability
configure:12317: arm-arago-linux-gnueabi-gcc -c -g   -Wall -Wcast-align -Wchar-subscripts -Wformat -Winline -Wmissing-declarations -Wmissing-prototypes -Wnested-externs -Wpointer-arith conftest.c >&5
configure:12317: $? = 0
configure:12317: result: yes
configure:12317: checking netdb.h presence
configure:12317: arm-arago-linux-gnueabi-gcc -E  -Wall -Wcast-align -Wchar-subscripts -Wformat -Winline -Wmissing-declarations -Wmissing-prototypes -Wnested-externs -Wpointer-arith conftest.c
configure:12317: $? = 0
configure:12317: result: yes
configure:12317: checking for netdb.h
configure:12317: result: yes
configure:12329: checking nameser8_compat.h usability
configure:12329: arm-arago-linux-gnueabi-gcc -c -g   -Wall -Wcast-align -Wchar-subscripts -Wformat -Winline -Wmissing-declarations -Wmissing-prototypes -Wnested-externs -Wpointer-arith conftest.c >&5
conftest.c:79:29: fatal error: nameser8_compat.h: No such file or directory
compilation terminated.
configure:12329: $? = 1
configure: failed program was:
| /* confdefs.h */
| #define PACKAGE_NAME ""
| #define PACKAGE_TARNAME ""
| #define PACKAGE_VERSION ""
| #define PACKAGE_STRING ""
| #define PACKAGE_BUGREPORT ""
| #define PACKAGE_URL ""
| #define PACKAGE "libeXosip2"
| #define VERSION "3.6.0"
| #define STDC_HEADERS 1
| #define HAVE_SYS_TYPES_H 1
| #define HAVE_SYS_STAT_H 1
| #define HAVE_STDLIB_H 1
| #define HAVE_STRING_H 1
| #define HAVE_MEMORY_H 1
| #define HAVE_STRINGS_H 1
| #define HAVE_INTTYPES_H 1
| #define HAVE_STDINT_H 1
| #define HAVE_UNISTD_H 1
| #define HAVE_DLFCN_H 1
| #define LT_OBJDIR ".libs/"
| #define HAVE_PTHREAD 1
| #define HAVE_SEMAPHORE_H 1
| #define HAVE_SYS_SEM_H 1
| #define STDC_HEADERS 1
| #define HAVE_CTYPE_H 1
| #define HAVE_STRING_H 1
| #define HAVE_STRINGS_H 1
| #define HAVE_STDIO_H 1
| #define HAVE_STDLIB_H 1
| #define HAVE_UNISTD_H 1
| #define HAVE_STDARG_H 1
| #define HAVE_SYS_TIME_H 1
| #define HAVE_ASSERT_H 1
| #define HAVE_SIGNAL_H 1
| #define HAVE_SYS_SIGNAL_H 1
| #define HAVE_MALLOC_H 1
| #define HAVE_SYS_SELECT_H 1
| #define HAVE_SYS_TYPES_H 1
| #define HAVE_FCNTL_H 1
| #define HAVE_SYS_SOUNDCARD_H 1
| #define HAVE_ARPA_INET_H 1
| #define HAVE_ARPA_NAMESER_H 1
| #define HAVE_NETDB_H 1
| /* end confdefs.h.  */
| #include <stdio.h>
| #ifdef HAVE_SYS_TYPES_H
| # include <sys/types.h>
| #endif
| #ifdef HAVE_SYS_STAT_H
| # include <sys/stat.h>
| #endif
| #ifdef STDC_HEADERS
| # include <stdlib.h>
| # include <stddef.h>
| #else
| # ifdef HAVE_STDLIB_H
| #  include <stdlib.h>
| # endif
| #endif
| #ifdef HAVE_STRING_H
| # if !defined STDC_HEADERS && defined HAVE_MEMORY_H
| #  include <memory.h>
| # endif
| # include <string.h>
| #endif
| #ifdef HAVE_STRINGS_H
| # include <strings.h>
| #endif
| #ifdef HAVE_INTTYPES_H
| # include <inttypes.h>
| #endif
| #ifdef HAVE_STDINT_H
| # include <stdint.h>
| #endif
| #ifdef HAVE_UNISTD_H
| # include <unistd.h>
| #endif
| #include <nameser8_compat.h>
configure:12329: result: no
configure:12329: checking nameser8_compat.h presence
configure:12329: arm-arago-linux-gnueabi-gcc -E  -Wall -Wcast-align -Wchar-subscripts -Wformat -Winline -Wmissing-declarations -Wmissing-prototypes -Wnested-externs -Wpointer-arith conftest.c
conftest.c:46:29: fatal error: nameser8_compat.h: No such file or directory
compilation terminated.
configure:12329: $? = 1
configure: failed program was:
| /* confdefs.h */
| #define PACKAGE_NAME ""
| #define PACKAGE_TARNAME ""
| #define PACKAGE_VERSION ""
| #define PACKAGE_STRING ""
| #define PACKAGE_BUGREPORT ""
| #define PACKAGE_URL ""
| #define PACKAGE "libeXosip2"
| #define VERSION "3.6.0"
| #define STDC_HEADERS 1
| #define HAVE_SYS_TYPES_H 1
| #define HAVE_SYS_STAT_H 1
| #define HAVE_STDLIB_H 1
| #define HAVE_STRING_H 1
| #define HAVE_MEMORY_H 1
| #define HAVE_STRINGS_H 1
| #define HAVE_INTTYPES_H 1
| #define HAVE_STDINT_H 1
| #define HAVE_UNISTD_H 1
| #define HAVE_DLFCN_H 1
| #define LT_OBJDIR ".libs/"
| #define HAVE_PTHREAD 1
| #define HAVE_SEMAPHORE_H 1
| #define HAVE_SYS_SEM_H 1
| #define STDC_HEADERS 1
| #define HAVE_CTYPE_H 1
| #define HAVE_STRING_H 1
| #define HAVE_STRINGS_H 1
| #define HAVE_STDIO_H 1
| #define HAVE_STDLIB_H 1
| #define HAVE_UNISTD_H 1
| #define HAVE_STDARG_H 1
| #define HAVE_SYS_TIME_H 1
| #define HAVE_ASSERT_H 1
| #define HAVE_SIGNAL_H 1
| #define HAVE_SYS_SIGNAL_H 1
| #define HAVE_MALLOC_H 1
| #define HAVE_SYS_SELECT_H 1
| #define HAVE_SYS_TYPES_H 1
| #define HAVE_FCNTL_H 1
| #define HAVE_SYS_SOUNDCARD_H 1
| #define HAVE_ARPA_INET_H 1
| #define HAVE_ARPA_NAMESER_H 1
| #define HAVE_NETDB_H 1
| /* end confdefs.h.  */
| #include <nameser8_compat.h>
configure:12329: result: no
configure:12329: checking for nameser8_compat.h
configure:12329: result: no
configure:12341: checking arpa/nameser_compat.h usability
configure:12341: arm-arago-linux-gnueabi-gcc -c -g   -Wall -Wcast-align -Wchar-subscripts -Wformat -Winline -Wmissing-declarations -Wmissing-prototypes -Wnested-externs -Wpointer-arith conftest.c >&5
configure:12341: $? = 0
configure:12341: result: yes
configure:12341: checking arpa/nameser_compat.h presence
configure:12341: arm-arago-linux-gnueabi-gcc -E  -Wall -Wcast-align -Wchar-subscripts -Wformat -Winline -Wmissing-declarations -Wmissing-prototypes -Wnested-externs -Wpointer-arith conftest.c
configure:12341: $? = 0
configure:12341: result: yes
configure:12341: checking for arpa/nameser_compat.h
configure:12341: result: yes
configure:12354: checking for resolv.h
configure:12354: arm-arago-linux-gnueabi-gcc -c -g   -Wall -Wcast-align -Wchar-subscripts -Wformat -Winline -Wmissing-declarations -Wmissing-prototypes -Wnested-externs -Wpointer-arith conftest.c >&5
configure:12354: $? = 0
configure:12354: result: yes
configure:12377: checking for getifaddrs
configure:12377: arm-arago-linux-gnueabi-gcc -o conftest -g   -Wall -Wcast-align -Wchar-subscripts -Wformat -Winline -Wmissing-declarations -Wmissing-prototypes -Wnested-externs -Wpointer-arith  conftest.c  >&5
configure:12377: $? = 0
configure:12377: result: yes
configure:12635: creating ./config.status

## ---------------------- ##
## Running config.status. ##
## ---------------------- ##

This file was extended by config.status, which was
generated by GNU Autoconf 2.67.  Invocation command line was

  CONFIG_FILES    = 
  CONFIG_HEADERS  = 
  CONFIG_LINKS    = 
  CONFIG_COMMANDS = 
  $ ./config.status 

on sw-desktop

config.status:1125: creating Makefile
config.status:1125: creating scripts/Makefile
config.status:1125: creating platform/Makefile
config.status:1125: creating platform/vsnet/Makefile
config.status:1125: creating platform/wince/Makefile
config.status:1125: creating include/Makefile
config.status:1125: creating include/eXosip2/Makefile
config.status:1125: creating src/Makefile
config.status:1125: creating tools/Makefile
config.status:1125: creating help/Makefile
config.status:1125: creating help/doxygen/Makefile
config.status:1125: creating help/doxygen/doxygen.dox
config.status:1125: creating config.h
config.status:1353: executing depfiles commands
config.status:1353: executing libtool commands

## ---------------- ##
## Cache variables. ##
## ---------------- ##

Wall_cv_flag=yes
Wcast_align_cv_flag=yes
Wchar_subscripts_cv_flag=yes
Wformat_cv_flag=yes
Winline_cv_flag=yes
Wmissing_declarations_cv_flag=yes
Wmissing_prototypes_cv_flag=yes
Wnested_externs_cv_flag=yes
Wpointer_arith_cv_flag=yes
ac_cv_build=i686-pc-linux-gnu
ac_cv_c_compiler_gnu=yes
ac_cv_env_CC_set=
ac_cv_env_CC_value=
ac_cv_env_CFLAGS_set=
ac_cv_env_CFLAGS_value=
ac_cv_env_CPPFLAGS_set=
ac_cv_env_CPPFLAGS_value=
ac_cv_env_CPP_set=
ac_cv_env_CPP_value=
ac_cv_env_LDFLAGS_set=
ac_cv_env_LDFLAGS_value=
ac_cv_env_LIBS_set=
ac_cv_env_LIBS_value=
ac_cv_env_OSIP_CFLAGS_set=
ac_cv_env_OSIP_CFLAGS_value=
ac_cv_env_OSIP_LIBS_set=
ac_cv_env_OSIP_LIBS_value=
ac_cv_env_PKG_CONFIG_LIBDIR_set=
ac_cv_env_PKG_CONFIG_LIBDIR_value=
ac_cv_env_PKG_CONFIG_PATH_set=
ac_cv_env_PKG_CONFIG_PATH_value=
ac_cv_env_PKG_CONFIG_set=
ac_cv_env_PKG_CONFIG_value=
ac_cv_env_build_alias_set=
ac_cv_env_build_alias_value=
ac_cv_env_host_alias_set=set
ac_cv_env_host_alias_value=arm-arago-linux-gnueabi
ac_cv_env_target_alias_set=
ac_cv_env_target_alias_value=
ac_cv_func_getifaddrs=yes
ac_cv_header_arpa_inet_h=yes
ac_cv_header_arpa_nameser_compat_h=yes
ac_cv_header_arpa_nameser_h=yes
ac_cv_header_assert_h=yes
ac_cv_header_ctype_h=yes
ac_cv_header_dlfcn_h=yes
ac_cv_header_fcntl_h=yes
ac_cv_header_inttypes_h=yes
ac_cv_header_malloc_h=yes
ac_cv_header_memory_h=yes
ac_cv_header_nameser8_compat_h=no
ac_cv_header_netdb_h=yes
ac_cv_header_resolv_h=yes
ac_cv_header_semaphore_h=yes
ac_cv_header_signal_h=yes
ac_cv_header_stdarg_h=yes
ac_cv_header_stdc=yes
ac_cv_header_stdint_h=yes
ac_cv_header_stdio_h=yes
ac_cv_header_stdlib_h=yes
ac_cv_header_string_h=yes
ac_cv_header_strings_h=yes
ac_cv_header_sys_select_h=yes
ac_cv_header_sys_sem_h=yes
ac_cv_header_sys_signal_h=yes
ac_cv_header_sys_soundcard_h=yes
ac_cv_header_sys_stat_h=yes
ac_cv_header_sys_time_h=yes
ac_cv_header_sys_types_h=yes
ac_cv_header_unistd_h=yes
ac_cv_header_varargs_h=no
ac_cv_host=arm-arago-linux-gnueabi
ac_cv_lib_cares_ares_init=no
ac_cv_lib_nsl_nis_add=yes
ac_cv_lib_posix4_sem_open=no
ac_cv_lib_resolv___res_query=yes
ac_cv_lib_resolv_res_query=no
ac_cv_lib_rt_clock_gettime=yes
ac_cv_lib_socket_sendto=no
ac_cv_objext=o
ac_cv_path_EGREP='/bin/grep -E'
ac_cv_path_FGREP='/bin/grep -F'
ac_cv_path_GREP=/bin/grep
ac_cv_path_SED=/bin/sed
ac_cv_path_ac_pt_PKG_CONFIG=/usr/bin/pkg-config
ac_cv_path_install='/usr/bin/install -c'
ac_cv_path_mkdir=/bin/mkdir
ac_cv_prog_AR=arm-arago-linux-gnueabi-ar
ac_cv_prog_AWK=gawk
ac_cv_prog_CC=arm-arago-linux-gnueabi-gcc
ac_cv_prog_CPP='arm-arago-linux-gnueabi-gcc -E'
ac_cv_prog_OBJDUMP=arm-arago-linux-gnueabi-objdump
ac_cv_prog_PTHREAD_CC=arm-arago-linux-gnueabi-gcc
ac_cv_prog_RANLIB=arm-arago-linux-gnueabi-ranlib
ac_cv_prog_STRIP=arm-arago-linux-gnueabi-strip
ac_cv_prog_cc_c89=
ac_cv_prog_cc_g=yes
ac_cv_prog_make_make_set=yes
am_cv_CC_dependencies_compiler_type=gcc3
lt_cv_deplibs_check_method=pass_all
lt_cv_file_magic_cmd='$MAGIC_CMD'
lt_cv_file_magic_test_file=
lt_cv_ld_reload_flag=-r
lt_cv_nm_interface='BSD nm'
lt_cv_objdir=.libs
lt_cv_path_LD=/opt/linux_devkit/arm-arago-linux-gnueabi/bin/ld
lt_cv_path_NM='/opt/linux_devkit/bin/arm-arago-linux-gnueabi-nm -B'
lt_cv_prog_compiler_c_o=yes
lt_cv_prog_compiler_pic_works=yes
lt_cv_prog_compiler_rtti_exceptions=no
lt_cv_prog_compiler_static_works=yes
lt_cv_prog_gnu_ld=yes
lt_cv_sys_global_symbol_pipe='sed -n -e '\''s/^.*[	 ]\([ABCDGIRSTW][ABCDGIRSTW]*\)[	 ][	 ]*\([_A-Za-z][_A-Za-z0-9]*\)$/\1 \2 \2/p'\'''
lt_cv_sys_global_symbol_to_c_name_address='sed -n -e '\''s/^: \([^ ]*\) $/  {\"\1\", (void *) 0},/p'\'' -e '\''s/^[ABCDGIRSTW]* \([^ ]*\) \([^ ]*\)$/  {"\2", (void *) \&\2},/p'\'''
lt_cv_sys_global_symbol_to_c_name_address_lib_prefix='sed -n -e '\''s/^: \([^ ]*\) $/  {\"\1\", (void *) 0},/p'\'' -e '\''s/^[ABCDGIRSTW]* \([^ ]*\) \(lib[^ ]*\)$/  {"\2", (void *) \&\2},/p'\'' -e '\''s/^[ABCDGIRSTW]* \([^ ]*\) \([^ ]*\)$/  {"lib\2", (void *) \&\2},/p'\'''
lt_cv_sys_global_symbol_to_cdecl='sed -n -e '\''s/^T .* \(.*\)$/extern int \1();/p'\'' -e '\''s/^[ABCDGIRSTW]* .* \(.*\)$/extern char \1;/p'\'''
lt_cv_sys_max_cmd_len=1572864

## ----------------- ##
## Output variables. ##
## ----------------- ##

ACLOCAL='${SHELL} /home/yangyy/venusgb/libeXosip2-3.6.0/scripts/missing --run aclocal-1.11 -I scripts'
AMDEPBACKSLASH='\'
AMDEP_FALSE='#'
AMDEP_TRUE=''
AMTAR='${SHELL} /home/yangyy/venusgb/libeXosip2-3.6.0/scripts/missing --run tar'
AR='arm-arago-linux-gnueabi-ar'
AUTOCONF='${SHELL} /home/yangyy/venusgb/libeXosip2-3.6.0/scripts/missing --run autoconf'
AUTOHEADER='${SHELL} /home/yangyy/venusgb/libeXosip2-3.6.0/scripts/missing --run autoheader'
AUTOMAKE='${SHELL} /home/yangyy/venusgb/libeXosip2-3.6.0/scripts/missing --run automake-1.11'
AWK='gawk'
BUILD_MAXSIZE_FALSE='#'
BUILD_MAXSIZE_TRUE=''
CC='arm-arago-linux-gnueabi-gcc'
CCDEPMODE='depmode=gcc3'
CFLAGS='-g '
COMPILE_TOOLS_FALSE='#'
COMPILE_TOOLS_TRUE=''
CPP='arm-arago-linux-gnueabi-gcc -E'
CPPFLAGS=' -Wall -Wcast-align -Wchar-subscripts -Wformat -Winline -Wmissing-declarations -Wmissing-prototypes -Wnested-externs -Wpointer-arith -DSRV_RECORD'
CYGPATH_W='echo'
DEFS='-DHAVE_CONFIG_H'
DEPDIR='.deps'
DSYMUTIL=''
DUMPBIN=''
ECHO_C=''
ECHO_N='-n'
ECHO_T=''
EGREP='/bin/grep -E'
EXEEXT=''
EXOSIP_FLAGS=' -DOSIP_MT -DENABLE_DEBUG -g -DENABLE_TRACE'
EXOSIP_LIB=' -lnsl -lrt -lresolv'
EXOSIP_VERSION='3.6.0'
FGREP='/bin/grep -F'
GREP='/bin/grep'
INSIDE_GNOME_COMMON_FALSE=''
INSIDE_GNOME_COMMON_TRUE='#'
INSTALL_DATA='${INSTALL} -m 644'
INSTALL_PROGRAM='${INSTALL}'
INSTALL_SCRIPT='${INSTALL}'
INSTALL_STRIP_PROGRAM='$(install_sh) -c -s'
LD='/opt/linux_devkit/arm-arago-linux-gnueabi/bin/ld'
LDFLAGS=''
LIBEXOSIP_SO_VERSION='9:0:2'
LIBOBJS=''
LIBS=''
LIBTOOL='$(SHELL) $(top_builddir)/libtool'
LIPO=''
LN_S='ln'
LTLIBOBJS=''
MAKEINFO='${SHELL} /home/yangyy/venusgb/libeXosip2-3.6.0/scripts/missing --run makeinfo'
MKDIR_P='/bin/mkdir -p'
NM='/opt/linux_devkit/bin/arm-arago-linux-gnueabi-nm -B'
NMEDIT=''
OBJDUMP='arm-arago-linux-gnueabi-objdump'
OBJEXT='o'
OSIP_CFLAGS='-I$(includedir) -I$(prefix)/include'
OSIP_LIBS='-L$(libdir) -L$(prefix)/lib -losip2 -losipparser2'
OTOOL64=''
OTOOL=''
PACKAGE='libeXosip2'
PACKAGE_BUGREPORT=''
PACKAGE_NAME=''
PACKAGE_STRING=''
PACKAGE_TARNAME=''
PACKAGE_URL=''
PACKAGE_VERSION=''
PATH_SEPARATOR=':'
PKG_CONFIG='/usr/bin/pkg-config'
PKG_CONFIG_LIBDIR=''
PKG_CONFIG_PATH=''
PTHREAD_CC='arm-arago-linux-gnueabi-gcc'
PTHREAD_CFLAGS='-pthread'
PTHREAD_LIBS=''
RANLIB='arm-arago-linux-gnueabi-ranlib'
SED='/bin/sed'
SET_MAKE=''
SHELL='/bin/bash'
STRIP='arm-arago-linux-gnueabi-strip'
TOOLS_LIBS=''
VERSION='3.6.0'
ac_aux_dir='scripts'
ac_ct_CC=''
ac_ct_DUMPBIN=''
am__EXEEXT_FALSE=''
am__EXEEXT_TRUE='#'
am__fastdepCC_FALSE='#'
am__fastdepCC_TRUE=''
am__include='include'
am__isrc=''
am__leading_dot='.'
am__quote=''
am__tar='${AMTAR} chof - "$$tardir"'
am__untar='${AMTAR} xf -'
bindir='${exec_prefix}/bin'
build='i686-pc-linux-gnu'
build_alias=''
build_cpu='i686'
build_os='linux-gnu'
build_vendor='pc'
datadir='${datarootdir}'
datarootdir='${prefix}/share'
docdir='${datarootdir}/doc/${PACKAGE}'
dvidir='${docdir}'
exec_prefix='${prefix}'
host='arm-arago-linux-gnueabi'
host_alias='arm-arago-linux-gnueabi'
host_cpu='arm'
host_os='linux-gnueabi'
host_vendor='arago'
htmldir='${docdir}'
includedir='${prefix}/include'
infodir='${datarootdir}/info'
install_sh='${SHELL} /home/yangyy/venusgb/libeXosip2-3.6.0/scripts/install-sh'
libdir='${exec_prefix}/lib'
libexecdir='${exec_prefix}/libexec'
localedir='${datarootdir}/locale'
localstatedir='${prefix}/var'
lt_ECHO='echo'
mandir='${datarootdir}/man'
mkdir_p='/bin/mkdir -p'
oldincludedir='/usr/include'
pdfdir='${docdir}'
prefix='/usr/local'
program_transform_name='s,x,x,'
psdir='${docdir}'
sbindir='${exec_prefix}/sbin'
sharedstatedir='${prefix}/com'
sysconfdir='${prefix}/etc'
target_alias=''

## ----------- ##
## confdefs.h. ##
## ----------- ##

/* confdefs.h */
#define PACKAGE_NAME ""
#define PACKAGE_TARNAME ""
#define PACKAGE_VERSION ""
#define PACKAGE_STRING ""
#define PACKAGE_BUGREPORT ""
#define PACKAGE_URL ""
#define PACKAGE "libeXosip2"
#define VERSION "3.6.0"
#define STDC_HEADERS 1
#define HAVE_SYS_TYPES_H 1
#define HAVE_SYS_STAT_H 1
#define HAVE_STDLIB_H 1
#define HAVE_STRING_H 1
#define HAVE_MEMORY_H 1
#define HAVE_STRINGS_H 1
#define HAVE_INTTYPES_H 1
#define HAVE_STDINT_H 1
#define HAVE_UNISTD_H 1
#define HAVE_DLFCN_H 1
#define LT_OBJDIR ".libs/"
#define HAVE_PTHREAD 1
#define HAVE_SEMAPHORE_H 1
#define HAVE_SYS_SEM_H 1
#define STDC_HEADERS 1
#define HAVE_CTYPE_H 1
#define HAVE_STRING_H 1
#define HAVE_STRINGS_H 1
#define HAVE_STDIO_H 1
#define HAVE_STDLIB_H 1
#define HAVE_UNISTD_H 1
#define HAVE_STDARG_H 1
#define HAVE_SYS_TIME_H 1
#define HAVE_ASSERT_H 1
#define HAVE_SIGNAL_H 1
#define HAVE_SYS_SIGNAL_H 1
#define HAVE_MALLOC_H 1
#define HAVE_SYS_SELECT_H 1
#define HAVE_SYS_TYPES_H 1
#define HAVE_FCNTL_H 1
#define HAVE_SYS_SOUNDCARD_H 1
#define HAVE_ARPA_INET_H 1
#define HAVE_ARPA_NAMESER_H 1
#define HAVE_NETDB_H 1
#define HAVE_ARPA_NAMESER_COMPAT_H 1
#define HAVE_RESOLV_H 1
#define HAVE_GETIFADDRS 1

configure: exit 0
